<?xml version="1.0" encoding="UTF-8"?>
<!-- Generated by org.testng.reporters.JUnitReportReporter -->
<testsuite skipped="0" hostname="DESKTOP-FV0I4VU" name="FlipkartTests.HomePage" tests="2" failures="0" timestamp="01 May 2020 15:17:14 GMT" time="36.022" errors="0">
  <testcase name="basePageNavigation" time="21.106" classname="FlipkartTests.HomePage"/>
  <testcase name="basePageNavigation" time="14.916" classname="FlipkartTests.HomePage"/>
</testsuite> <!-- FlipkartTests.HomePage -->
